Puma starting in single mode...
* Puma version: 5.6.4 (ruby 3.0.0-p0) ("Birdie's Version")
*  Min threads: 5
*  Max threads: 5
*  Environment: development
*          PID: 9630
* Listening on http://0.0.0.0:3000
Use Ctrl-C to stop
- Gracefully stopping, waiting for requests to finish
Puma starting in single mode...
* Puma version: 5.6.4 (ruby 3.0.0-p0) ("Birdie's Version")
*  Min threads: 5
*  Max threads: 5
*  Environment: development
*          PID: 1817
* Listening on http://0.0.0.0:3000
Use Ctrl-C to stop
- Gracefully stopping, waiting for requests to finish
Puma starting in single mode...
* Puma version: 5.6.4 (ruby 3.0.0-p0) ("Birdie's Version")
*  Min threads: 5
*  Max threads: 5
*  Environment: development
*          PID: 1887
* Listening on http://0.0.0.0:3000
Use Ctrl-C to stop
- Gracefully stopping, waiting for requests to finish
Puma starting in single mode...
* Puma version: 5.6.4 (ruby 3.0.0-p0) ("Birdie's Version")
*  Min threads: 5
*  Max threads: 5
*  Environment: development
*          PID: 19730
* Listening on http://0.0.0.0:3000
Use Ctrl-C to stop
- Gracefully stopping, waiting for requests to finish
Puma starting in single mode...
* Puma version: 5.6.4 (ruby 3.0.0-p0) ("Birdie's Version")
*  Min threads: 5
*  Max threads: 5
*  Environment: development
*          PID: 1785
* Listening on http://0.0.0.0:3000
Use Ctrl-C to stop
- Gracefully stopping, waiting for requests to finish
Puma starting in single mode...
* Puma version: 5.6.4 (ruby 3.0.0-p0) ("Birdie's Version")
*  Min threads: 5
*  Max threads: 5
*  Environment: development
*          PID: 78728
* Listening on http://0.0.0.0:3000
Use Ctrl-C to stop
